#
# There is insufficient memory for the Java Runtime Environment to continue.
# Native memory allocation (malloc) failed to allocate 919536 bytes for Chunk::new
# Possible reasons:
#   The system is out of physical RAM or swap space
#   The process is running with CompressedOops enabled, and the Java Heap may be blocking the growth of the native heap
# Possible solutions:
#   Reduce memory load on the system
#   Increase physical memory or swap space
#   Check if swap backing store is full
#   Decrease Java heap size (-Xmx/-Xms)
#   Decrease number of Java threads
#   Decrease Java thread stack sizes (-Xss)
#   Set larger code cache with -XX:ReservedCodeCacheSize=
#   JVM is running with Zero Based Compressed Oops mode in which the Java heap is
#     placed in the first 32GB address space. The Java Heap base address is the
#     maximum limit for the native heap growth. Please use -XX:HeapBaseMinAddress
#     to set the Java Heap base and to place the Java Heap above 32GB virtual address.
# This output file may be truncated or incomplete.
#
#  Out of Memory Error (allocation.cpp:389), pid=6572, tid=0x0000000000003a14
#
# JRE version: Java(TM) SE Runtime Environment (8.0_241-b07) (build 1.8.0_241-b07)
# Java VM: Java HotSpot(TM) 64-Bit Server VM (25.241-b07 mixed mode windows-amd64 compressed oops)
# Failed to write core dump. Minidumps are not enabled by default on client versions of Windows
#

---------------  T H R E A D  ---------------

Current thread (0x000000001e6f1000):  JavaThread "C2 CompilerThread2" daemon [_thread_in_native, id=14868, stack(0x000000001f0c0000,0x000000001f1c0000)]

Stack: [0x000000001f0c0000,0x000000001f1c0000]
[error occurred during error reporting (printing stack bounds), id 0xc0000005]

Native frames: (J=compiled Java code, j=interpreted, Vv=VM code, C=native code)


Current CompileTask:
C2:   1770  593   !   4       sun.awt.image.PNGImageDecoder::produceImage (1916 bytes)


---------------  P R O C E S S  ---------------

Java Threads: ( => current thread )
  0x00000000013bd800 JavaThread "DestroyJavaVM" [_thread_blocked, id=14708, stack(0x00000000012b0000,0x00000000013b0000)]
  0x000000001f776000 JavaThread "D3D Screen Updater" daemon [_thread_blocked, id=26148, stack(0x0000000028710000,0x0000000028810000)]
  0x000000001f729800 JavaThread "AWT-EventQueue-0" [_thread_in_native, id=10164, stack(0x0000000028310000,0x0000000028410000)]
  0x000000001f6b9800 JavaThread "Image Fetcher 0" daemon [_thread_blocked, id=6412, stack(0x0000000028210000,0x0000000028310000)]
  0x000000001f696800 JavaThread "AWT-Windows" daemon [_thread_in_native, id=23296, stack(0x0000000020000000,0x0000000020100000)]
  0x000000001f694800 JavaThread "AWT-Shutdown" [_thread_blocked, id=30088, stack(0x000000001ff00000,0x0000000020000000)]
  0x000000001f694000 JavaThread "Java2D Disposer" daemon [_thread_blocked, id=30156, stack(0x000000001fe00000,0x000000001ff00000)]
  0x000000001e796000 JavaThread "Service Thread" daemon [_thread_blocked, id=24792, stack(0x000000001f2c0000,0x000000001f3c0000)]
  0x000000001e6f7000 JavaThread "C1 CompilerThread3" daemon [_thread_in_native, id=28348, stack(0x000000001f1c0000,0x000000001f2c0000)]
=>0x000000001e6f1000 JavaThread "C2 CompilerThread2" daemon [_thread_in_native, id=14868, stack(0x000000001f0c0000,0x000000001f1c0000)]
  0x000000001e6ef000 JavaThread "C2 CompilerThread1" daemon [_thread_blocked, id=7200, stack(0x000000001efc0000,0x000000001f0c0000)]
  0x000000001e6ea000 JavaThread "C2 CompilerThread0" daemon [_thread_blocked, id=13508, stack(0x000000001eec0000,0x000000001efc0000)]
  0x000000001e6e7000 JavaThread "Attach Listener" daemon [_thread_blocked, id=28032, stack(0x000000001edc0000,0x000000001eec0000)]
  0x000000001e6e6000 JavaThread "Signal Dispatcher" daemon [_thread_blocked, id=21284, stack(0x000000001ecc0000,0x000000001edc0000)]
  0x000000001e6e0800 JavaThread "Finalizer" daemon [_thread_blocked, id=30556, stack(0x000000001eac0000,0x000000001ebc0000)]
  0x000000001c7fd800 JavaThread "Reference Handler" daemon [_thread_blocked, id=24764, stack(0x000000001e5c0000,0x000000001e6c0000)]

Other Threads:
  0x000000001c7f8800 VMThread [stack: 0x000000001e4c0000,0x000000001e5c0000] [id=11628]
  0x000000001e7a1800 WatcherThread [stack: 0x000000001f3c0000,0x000000001f4c0000] [id=22716]

VM state:not at safepoint (normal execution)

VM Mutex/Monitor currently owned by a thread: None

heap address: 0x00000006c0e00000, size: 4082 MB, Compressed Oops mode: Zero based, Oop shift amount: 3
Narrow klass base: 0x0000000000000000, Narrow klass shift: 3
Compressed class space size: 1073741824 Address: 0x00000007c0000000

Heap:
 PSYoungGen      total 76288K, used 16500K [0x000000076af80000, 0x0000000770480000, 0x00000007c0000000)
  eden space 65536K, 25% used [0x000000076af80000,0x000000076bf9d3b0,0x000000076ef80000)
  from space 10752K, 0% used [0x000000076fa00000,0x000000076fa00000,0x0000000770480000)
  to   space 10752K, 0% used [0x000000076ef80000,0x000000076ef80000,0x000000076fa00000)
 ParOldGen       total 175104K, used 0K [0x00000006c0e00000, 0x00000006cb900000, 0x000000076af80000)
  object space 175104K, 0% used [0x00000006c0e00000,0x00000006c0e00000,0x00000006cb900000)
 Metaspace       used 11412K, capacity 11610K, committed 11904K, reserved 1058816K
  class space    used 1509K, capacity 1581K, committed 1664K, reserved 1048576K

Card table byte_map: [0x0000000012120000,0x0000000012920000] byte_map_base: 0x000000000eb19000

Marking Bits: (ParMarkBitMap*) 0x000000005a88be30
 Begin Bits: [0x0000000013680000, 0x0000000017648000)
 End Bits:   [0x0000000017648000, 0x000000001b610000)

Polling page: 0x00000000009e0000

CodeCache: size=245760Kb used=2531Kb max_used=2531Kb free=243228Kb
 bounds [0x0000000002d60000, 0x0000000002fe0000, 0x0000000011d60000]
 total_blobs=1139 nmethods=646 adapters=406
 compilation: enabled

Compilation events (10 events):
Event: 1.766 Thread 0x000000001e6f7000  636       3       java.awt.Component::getFont (5 bytes)
Event: 1.766 Thread 0x000000001e6f7000 nmethod 636 0x0000000002fd0e10 code [0x0000000002fd0fa0, 0x0000000002fd14a8]
Event: 1.767 Thread 0x000000001e6ea000  637       4       java.util.concurrent.ConcurrentHashMap::tabAt (21 bytes)
Event: 1.768 Thread 0x000000001e6ea000 nmethod 637 0x0000000002fd7110 code [0x0000000002fd7240, 0x0000000002fd7298]
Event: 1.769 Thread 0x000000001e6f7000  638       3       sun.font.FontDesignMetrics::getLatinCharWidth (29 bytes)
Event: 1.769 Thread 0x000000001e6f7000 nmethod 638 0x0000000002fd6a10 code [0x0000000002fd6bc0, 0x0000000002fd6f28]
Event: 1.770 Thread 0x000000001e6f7000  639       3       sun.nio.ch.FileChannelImpl::ensureOpen (16 bytes)
Event: 1.770 Thread 0x000000001e6f7000 nmethod 639 0x0000000002fd6510 code [0x0000000002fd6680, 0x0000000002fd6928]
Event: 1.770 Thread 0x000000001e6f7000  641       3       java.nio.ByteBufferAsIntBufferB::get (16 bytes)
Event: 1.770 Thread 0x000000001e6f7000 nmethod 641 0x0000000002fd58d0 code [0x0000000002fd5aa0, 0x0000000002fd6248]

GC Heap History (0 events):
No events

Deoptimization events (1 events):
Event: 0.222 Thread 0x00000000013bd800 Uncommon trap: reason=null_check action=make_not_entrant pc=0x0000000002ec83d4 method=java.lang.String.equals(Ljava/lang/Object;)Z @ 8

Classes redefined (0 events):
No events

Internal exceptions (10 events):
Event: 0.034 Thread 0x00000000013bd800 Exception <a 'java/lang/NoSuchMethodError': Method sun.misc.Unsafe.prefetchRead(Ljava/lang/Object;J)V name or signature does not match> (0x000000076af87fa8) thrown at [C:\ade\jenkins\workspace\8-2-build-windows-amd64-cygwin\jdk8u241\331\hotspot\src\share\
Event: 0.080 Thread 0x00000000013bd800 Exception <a 'java/security/PrivilegedActionException'> (0x000000076b001eb0) thrown at [C:\ade\jenkins\workspace\8-2-build-windows-amd64-cygwin\jdk8u241\331\hotspot\src\share\vm\prims\jvm.cpp, line 1502]
Event: 0.080 Thread 0x00000000013bd800 Exception <a 'java/security/PrivilegedActionException'> (0x000000076b0020c0) thrown at [C:\ade\jenkins\workspace\8-2-build-windows-amd64-cygwin\jdk8u241\331\hotspot\src\share\vm\prims\jvm.cpp, line 1502]
Event: 0.080 Thread 0x00000000013bd800 Exception <a 'java/security/PrivilegedActionException'> (0x000000076b005d30) thrown at [C:\ade\jenkins\workspace\8-2-build-windows-amd64-cygwin\jdk8u241\331\hotspot\src\share\vm\prims\jvm.cpp, line 1502]
Event: 0.080 Thread 0x00000000013bd800 Exception <a 'java/security/PrivilegedActionException'> (0x000000076b005f40) thrown at [C:\ade\jenkins\workspace\8-2-build-windows-amd64-cygwin\jdk8u241\331\hotspot\src\share\vm\prims\jvm.cpp, line 1502]
Event: 0.084 Thread 0x00000000013bd800 Exception <a 'java/io/FileNotFoundException'> (0x000000076b008110) thrown at [C:\ade\jenkins\workspace\8-2-build-windows-amd64-cygwin\jdk8u241\331\hotspot\src\share\vm\prims\jni.cpp, line 710]
Event: 0.107 Thread 0x00000000013bd800 Exception <a 'java/lang/NoSuchFieldError': method resolution failed> (0x000000076b2204a8) thrown at [C:\ade\jenkins\workspace\8-2-build-windows-amd64-cygwin\jdk8u241\331\hotspot\src\share\vm\prims\methodHandles.cpp, line 1167]
Event: 0.108 Thread 0x00000000013bd800 Exception <a 'java/lang/NoSuchFieldError': method resolution failed> (0x000000076b22d878) thrown at [C:\ade\jenkins\workspace\8-2-build-windows-amd64-cygwin\jdk8u241\331\hotspot\src\share\vm\prims\methodHandles.cpp, line 1167]
Event: 0.138 Thread 0x00000000013bd800 Exception <a 'java/io/FileNotFoundException'> (0x000000076b2c6a08) thrown at [C:\ade\jenkins\workspace\8-2-build-windows-amd64-cygwin\jdk8u241\331\hotspot\src\share\vm\prims\jni.cpp, line 710]
Event: 0.222 Thread 0x00000000013bd800 Implicit null exception at 0x0000000002ec81e6 to 0x0000000002ec83c5

Events (10 events):
Event: 1.736 loading class javax/swing/plaf/synth/SynthUI
Event: 1.736 loading class javax/swing/plaf/synth/SynthConstants
Event: 1.736 loading class javax/swing/plaf/synth/SynthConstants done
Event: 1.736 loading class javax/swing/plaf/synth/SynthUI done
Event: 1.736 loading class javax/swing/JTextArea
Event: 1.737 loading class javax/swing/JTextArea done
Event: 1.737 loading class javax/swing/JEditorPane
Event: 1.737 loading class javax/swing/JEditorPane done
Event: 1.737 loading class javax/swing/JTextField$ScrollRepainter
Event: 1.737 loading class javax/swing/JTextField$ScrollRepainter done


Dynamic libraries:
0x00007ff6dfaf0000 - 0x00007ff6dfb27000 	C:\Program Files\Java\jre1.8.0_241\bin\javaw.exe
0x00007ffe14240000 - 0x00007ffe1442d000 	C:\WINDOWS\SYSTEM32\ntdll.dll
0x00007ffe13340000 - 0x00007ffe133f3000 	C:\WINDOWS\System32\KERNEL32.DLL
0x00007ffe10650000 - 0x00007ffe108e3000 	C:\WINDOWS\System32\KERNELBASE.dll
0x00007ffe11460000 - 0x00007ffe11503000 	C:\WINDOWS\System32\ADVAPI32.dll
0x00007ffe13400000 - 0x00007ffe1349e000 	C:\WINDOWS\System32\msvcrt.dll
0x00007ffe13670000 - 0x00007ffe1370e000 	C:\WINDOWS\System32\sechost.dll
0x00007ffe13880000 - 0x00007ffe139a2000 	C:\WINDOWS\System32\RPCRT4.dll
0x00007ffe134d0000 - 0x00007ffe13667000 	C:\WINDOWS\System32\USER32.dll
0x00007ffe10450000 - 0x00007ffe10470000 	C:\WINDOWS\System32\win32u.dll
0x00007ffe13fb0000 - 0x00007ffe13fd9000 	C:\WINDOWS\System32\GDI32.dll
0x00007ffe11110000 - 0x00007ffe112a9000 	C:\WINDOWS\System32\gdi32full.dll
0x00007ffe11390000 - 0x00007ffe11430000 	C:\WINDOWS\System32\msvcp_win.dll
0x00007ffe10350000 - 0x00007ffe1044a000 	C:\WINDOWS\System32\ucrtbase.dll
0x00007ffdfdad0000 - 0x00007ffdfdd49000 	C:\WINDOWS\WinSxS\amd64_microsoft.windows.common-controls_6595b64144ccf1df_6.0.17763.973_none_05b245900721eb81\COMCTL32.dll
0x00007ffe11510000 - 0x00007ffe1183c000 	C:\WINDOWS\System32\combase.dll
0x00007ffe11310000 - 0x00007ffe1138e000 	C:\WINDOWS\System32\bcryptPrimitives.dll
0x00007ffe134a0000 - 0x00007ffe134ce000 	C:\WINDOWS\System32\IMM32.DLL
0x000000005ad10000 - 0x000000005ade2000 	C:\Program Files\Java\jre1.8.0_241\bin\msvcr100.dll
0x000000005a060000 - 0x000000005a90c000 	C:\Program Files\Java\jre1.8.0_241\bin\server\jvm.dll
0x00007ffe13330000 - 0x00007ffe13338000 	C:\WINDOWS\System32\PSAPI.DLL
0x00007ffe06a90000 - 0x00007ffe06ab4000 	C:\WINDOWS\SYSTEM32\WINMM.dll
0x00007ffe0bfb0000 - 0x00007ffe0bfb9000 	C:\WINDOWS\SYSTEM32\WSOCK32.dll
0x00007ffe0b7c0000 - 0x00007ffe0b7ca000 	C:\WINDOWS\SYSTEM32\VERSION.dll
0x00007ffe139b0000 - 0x00007ffe13a1d000 	C:\WINDOWS\System32\WS2_32.dll
0x00007ffe06a60000 - 0x00007ffe06a8d000 	C:\WINDOWS\SYSTEM32\winmmbase.dll
0x00007ffe10300000 - 0x00007ffe1034a000 	C:\WINDOWS\System32\cfgmgr32.dll
0x00007ffe0c340000 - 0x00007ffe0c34f000 	C:\Program Files\Java\jre1.8.0_241\bin\verify.dll
0x00007ffe08df0000 - 0x00007ffe08e19000 	C:\Program Files\Java\jre1.8.0_241\bin\java.dll
0x00007ffe0c200000 - 0x00007ffe0c216000 	C:\Program Files\Java\jre1.8.0_241\bin\zip.dll
0x00007ffe11a70000 - 0x00007ffe12f64000 	C:\WINDOWS\System32\SHELL32.dll
0x00007ffe119a0000 - 0x00007ffe11a48000 	C:\WINDOWS\System32\shcore.dll
0x00007ffe108f0000 - 0x00007ffe1103d000 	C:\WINDOWS\System32\windows.storage.dll
0x00007ffe10250000 - 0x00007ffe10274000 	C:\WINDOWS\System32\profapi.dll
0x00007ffe102a0000 - 0x00007ffe102fd000 	C:\WINDOWS\System32\powrprof.dll
0x00007ffe13260000 - 0x00007ffe132b2000 	C:\WINDOWS\System32\shlwapi.dll
0x00007ffe10280000 - 0x00007ffe10291000 	C:\WINDOWS\System32\kernel.appcore.dll
0x00007ffe11040000 - 0x00007ffe11057000 	C:\WINDOWS\System32\cryptsp.dll
0x00007ffdfeb70000 - 0x00007ffdfed0a000 	C:\Program Files\Java\jre1.8.0_241\bin\awt.dll
0x00007ffe13190000 - 0x00007ffe13254000 	C:\WINDOWS\System32\OLEAUT32.dll
0x00007ffe0e590000 - 0x00007ffe0e61c000 	C:\WINDOWS\SYSTEM32\apphelp.dll
0x00007ffe0eb50000 - 0x00007ffe0eb7e000 	C:\WINDOWS\system32\DWMAPI.DLL
0x00007ffe10470000 - 0x00007ffe1064c000 	C:\WINDOWS\System32\CRYPT32.dll
0x00007ffe10230000 - 0x00007ffe10242000 	C:\WINDOWS\System32\MSASN1.dll
0x00007ffe0e820000 - 0x00007ffe0e8bc000 	C:\WINDOWS\system32\uxtheme.dll
0x00007ffdfafc0000 - 0x00007ffdfb0e7000 	C:\WINDOWS\system32\opengl32.dll
0x00007ffdfeec0000 - 0x00007ffdfeeec000 	C:\WINDOWS\SYSTEM32\GLU32.dll
0x00007ffe13710000 - 0x00007ffe1387c000 	C:\WINDOWS\System32\MSCTF.dll
0x00007ffe11840000 - 0x00007ffe11995000 	C:\WINDOWS\System32\ole32.dll
0x00007ffe07840000 - 0x00007ffe079de000 	C:\WINDOWS\system32\d3d9.dll
0x00007ffe05c60000 - 0x00007ffe05d4e000 	C:\WINDOWS\System32\DriverStore\FileRepository\nv_dispi.inf_amd64_db678424d2641c3d\nvldumdx.dll
0x00007ffe112b0000 - 0x00007ffe11309000 	C:\WINDOWS\System32\WINTRUST.DLL
0x00007ffe11a50000 - 0x00007ffe11a6d000 	C:\WINDOWS\System32\imagehlp.dll
0x00007ffe0f620000 - 0x00007ffe0f653000 	C:\WINDOWS\system32\rsaenh.dll
0x00007ffe11430000 - 0x00007ffe11456000 	C:\WINDOWS\System32\bcrypt.dll
0x00007ffe0fc70000 - 0x00007ffe0fc7c000 	C:\WINDOWS\SYSTEM32\CRYPTBASE.dll
0x00007ffdeadf0000 - 0x00007ffdec28b000 	C:\WINDOWS\System32\DriverStore\FileRepository\nv_dispi.inf_amd64_db678424d2641c3d\nvd3dumx.dll
0x00007ffe0eee0000 - 0x00007ffe0ef02000 	C:\WINDOWS\SYSTEM32\gpapi.dll
0x00007ffdec290000 - 0x00007ffdec2bf000 	C:\WINDOWS\SYSTEM32\cryptnet.dll
0x00007ffe01ba0000 - 0x00007ffe01be9000 	C:\Program Files\Java\jre1.8.0_241\bin\fontmanager.dll
0x00007ffe08e80000 - 0x00007ffe08e9a000 	C:\Program Files\Java\jre1.8.0_241\bin\net.dll
0x00007ffe0faa0000 - 0x00007ffe0fb07000 	C:\WINDOWS\system32\mswsock.dll
0x00007ffe08740000 - 0x00007ffe08752000 	C:\Program Files\Java\jre1.8.0_241\bin\nio.dll
0x00007ffdfeef0000 - 0x00007ffdfef32000 	C:\Program Files\Java\jre1.8.0_241\bin\t2k.dll
0x00007ffe08760000 - 0x00007ffe087f5000 	C:\WINDOWS\System32\TextInputFramework.dll
0x00007ffe06270000 - 0x00007ffe06592000 	C:\WINDOWS\System32\CoreUIComponents.dll
0x00007ffe0e2f0000 - 0x00007ffe0e3d2000 	C:\WINDOWS\System32\CoreMessaging.dll
0x00007ffe0f2a0000 - 0x00007ffe0f2d1000 	C:\WINDOWS\SYSTEM32\ntmarta.dll
0x00007ffe0c5b0000 - 0x00007ffe0c703000 	C:\WINDOWS\SYSTEM32\wintypes.dll
0x00007ffe13a20000 - 0x00007ffe13ac2000 	C:\WINDOWS\System32\clbcatq.dll
0x00007ffe060b0000 - 0x00007ffe06268000 	C:\WINDOWS\SYSTEM32\WindowsCodecs.dll
0x00007ffdf9240000 - 0x00007ffdf9296000 	C:\WINDOWS\system32\dataexchange.dll
0x00007ffe0d550000 - 0x00007ffe0d7ce000 	C:\WINDOWS\system32\d3d11.dll
0x00007ffe0ddc0000 - 0x00007ffe0df83000 	C:\WINDOWS\system32\dcomp.dll
0x00007ffe0ef60000 - 0x00007ffe0f022000 	C:\WINDOWS\system32\dxgi.dll
0x00007ffe0e8f0000 - 0x00007ffe0eafd000 	C:\WINDOWS\system32\twinapi.appcore.dll
0x00007ffe0eb00000 - 0x00007ffe0eb28000 	C:\WINDOWS\system32\RMCLIENT.dll

VM Arguments:
jvm_args: -Dfile.encoding=Cp1252 
java_command: Memory
java_class_path (initial): C:\systemutveckling\eclipse-workspace\memory-game\bin
Launcher Type: SUN_STANDARD

Environment Variables:
JAVA_HOME=C:\Program Files\Java\jdk-11.0.1
PATH=C:/Program Files/Java/jre1.8.0_241/bin/server;C:/Program Files/Java/jre1.8.0_241/bin;C:/Program Files/Java/jre1.8.0_241/lib/amd64;C:\Program Files (x86)\Common Files\Oracle\Java\javapath;C:\WINDOWS\system32;C:\WINDOWS;C:\WINDOWS\System32\Wbem;C:\WINDOWS\System32\WindowsPowerShell\v1.0\;C:\WINDOWS\System32\OpenSSH\;C:\Program Files\Git\cmd;D:\lib\apache-maven-3.6.0-bin\bin;C:\Users\VJ\AppData\Local\Microsoft\WindowsApps;;C:\WINDOWS\System32;
USERNAME=VJ
OS=Windows_NT
PROCESSOR_IDENTIFIER=Intel64 Family 6 Model 94 Stepping 3, GenuineIntel



---------------  S Y S T E M  ---------------

OS: Windows 10.0 , 64 bit Build 17763 (10.0.17763.475)

CPU:total 8 (initial active 8) (4 cores per cpu, 2 threads per core) family 6 model 94 stepping 3, cmov, cx8, fxsr, mmx, sse, sse2, sse3, ssse3, sse4.1, sse4.2, popcnt, avx, avx2, aes, clmul, erms, rtm, 3dnowpref, lzcnt, ht, tsc, tscinvbit, bmi1, bmi2, adx

Memory: 4k page, physical 16714548k(7983024k free), swap 47841584k(5544k free)

vm_info: Java HotSpot(TM) 64-Bit Server VM (25.241-b07) for windows-amd64 JRE (1.8.0_241-b07), built on Dec 11 2019 10:21:40 by "rejava" with MS VC++ 10.0 (VS2010)

time: Sun Jan 19 14:18:19 2020
timezone: W. Europe Standard Time
elapsed time: 1 seconds (0d 0h 0m 1s)

